"../../../Brainslol/Content/Blueprints/NewTouchInterface.uasset" 0
"../../../Brainslol/Content/UI/Credits_screen/Chris_active.uasset" 1
"../../../Brainslol/Content/UI/Credits_screen/Chris_inactive.uasset" 2
"../../../Brainslol/Content/UI/Credits_screen/Credits_background.uasset" 3
"../../../Brainslol/Content/UI/Credits_screen/Jake_active.uasset" 4
"../../../Brainslol/Content/UI/Credits_screen/Jake_inactive.uasset" 5
"../../../Brainslol/Content/UI/Credits_screen/Moses_active.uasset" 6
"../../../Brainslol/Content/UI/Credits_screen/Moses_inactive.uasset" 7
"../../../Brainslol/Content/UI/Credits_screen/Mo_active.uasset" 8
"../../../Brainslol/Content/UI/Credits_screen/Mo_inactive.uasset" 9
"../../../Brainslol/Content/UI/Credits_screen/Seng_active.uasset" 10
"../../../Brainslol/Content/UI/Credits_screen/Seng_inactive.uasset" 11
"../../../Engine/Content/Functions/Engine_MaterialFunctions01/Opacity/CameraDepthFade.uasset" 12
"../../../Engine/Content/EngineMaterials/T_Default_Material_Grid_M.uasset" 13
"../../../Engine/Content/EngineMaterials/T_Default_Material_Grid_N.uasset" 14
"../../../Engine/Content/EngineMaterials/DefaultMaterial.uasset" 15
"../../../Engine/Content/BasicShapes/Cone.uasset" 16
"../../../Engine/Content/BasicShapes/Cylinder.uasset" 17
"../../../Engine/Content/EngineMaterials/WorldGridMaterial.uasset" 18
"../../../Engine/Content/BasicShapes/Plane.uasset" 19
"../../../Engine/Content/BasicShapes/Sphere.uasset" 20
"../../../Engine/Content/EditorLandscapeResources/DataLayer.uasset" 21
"../../../Engine/Content/EditorMaterials/GizmoMaterial.uasset" 22
"../../../Engine/Content/EditorMaterials/MAT_Groups_Toggle.uasset" 23
"../../../Engine/Content/EditorMaterials/MAT_Groups_Visibility.uasset" 24
"../../../Engine/Content/EditorMaterials/PreviewShadowIndicator.uasset" 25
"../../../Engine/Content/EditorMaterials/PreviewShadowIndicatorMaterial.uasset" 26
"../../../Engine/Content/EditorMaterials/AssetViewer/EpicQuadPanorama_CC+EV1.uasset" 27
"../../../Engine/Content/EditorMaterials/MatineeGroups/MAT_ColorTrack.uasset" 28
"../../../Engine/Content/EditorMaterials/MatineeGroups/MAT_Groups_Anim.uasset" 29
"../../../Engine/Content/EditorMaterials/MatineeGroups/MAT_Groups_AudioMaster.uasset" 30
"../../../Engine/Content/EditorMaterials/MatineeGroups/MAT_Groups_Director.uasset" 31
"../../../Engine/Content/EditorMaterials/MatineeGroups/MAT_Groups_Event.uasset" 32
"../../../Engine/Content/EditorMaterials/MatineeGroups/MAT_Groups_Fade.uasset" 33
"../../../Engine/Content/EditorMaterials/MatineeGroups/MAT_Groups_Float.uasset" 34
"../../../Engine/Content/EditorMaterials/MatineeGroups/MAT_Groups_Move.uasset" 35
"../../../Engine/Content/EditorMaterials/MatineeGroups/MAT_Groups_Slomo.uasset" 36
"../../../Engine/Content/EditorMaterials/MatineeGroups/MAT_Groups_Sound.uasset" 37
"../../../Engine/Content/EditorMaterials/MatineeGroups/MAT_Groups_Vector.uasset" 38
"../../../Engine/Content/EditorMaterials/ParticleSystems/PSysThumbnail_NoImage.uasset" 39
"../../../Engine/Content/EditorMaterials/ParticleSystems/PSysThumbnail_OOD.uasset" 40
"../../../Engine/Content/EditorMaterials/Camera/CineMat.uasset" 41
"../../../Engine/Content/EditorMaterials/Camera/MI_CineMat_Rig.uasset" 42
"../../../Engine/Content/EditorMeshes/Camera/SM_CraneRig_Arm.uasset" 43
"../../../Engine/Content/EditorMeshes/Camera/SM_CraneRig_Base.uasset" 44
"../../../Engine/Content/EditorMeshes/Camera/SM_CraneRig_Body.uasset" 45
"../../../Engine/Content/EditorMeshes/Camera/SM_CraneRig_Mount.uasset" 46
"../../../Engine/Content/EditorMeshes/Camera/SM_RailRig_Mount.uasset" 47
"../../../Engine/Content/EditorMeshes/Camera/SM_RailRig_Track.uasset" 48
"../../../Engine/Content/EditorMeshes/ColorCalibrator/M_ChromeBall.uasset" 49
"../../../Engine/Content/EditorMeshes/ColorCalibrator/M_ClearCoat.uasset" 50
"../../../Engine/Content/EditorMeshes/ColorCalibrator/M_ClearCoatBlack.uasset" 51
"../../../Engine/Content/EditorMeshes/ColorCalibrator/T_ColorGrid.uasset" 52
"../../../Engine/Content/EditorMeshes/ColorCalibrator/M_ColorGrid.uasset" 53
"../../../Engine/Content/EditorMeshes/ColorCalibrator/M_GreyBall.uasset" 54
"../../../Engine/Content/EditorMeshes/ColorCalibrator/SM_ColorCalibrator.uasset" 55
"../../../Engine/Content/EditorResources/BSPVertex.uasset" 56
"../../../Engine/Content/EditorResources/EmptyActor.uasset" 57
"../../../Engine/Content/EditorResources/S_Actor.uasset" 58
"../../../Engine/Content/EditorResources/S_Trigger.uasset" 59
"../../../Engine/Content/EditorResources/SequenceRecorder/Countdown.uasset" 60
"../../../Engine/Content/EditorResources/SequenceRecorder/RecordingIndicator.uasset" 61
"../../../Engine/Content/EditorSounds/Notifications/CompileFailed.uasset" 62
"../../../Engine/Content/EditorSounds/Notifications/CompileFailed_Cue.uasset" 63
"../../../Engine/Content/EditorSounds/Notifications/CompileSuccess.uasset" 64
"../../../Engine/Content/EditorSounds/Notifications/CompileStart_Cue.uasset" 65
"../../../Engine/Content/EditorSounds/Notifications/CompileSuccess_Cue.uasset" 66
"../../../Engine/Content/EngineDamageTypes/DmgTypeBP_Environmental.uasset" 67
"../../../Engine/Content/EngineDebugMaterials/HeatmapGradient.uasset" 68
"../../../Engine/Content/EngineDebugMaterials/BoneWeightMaterial.uasset" 69
"../../../Engine/Content/EngineDebugMaterials/ClothMaterial.uasset" 70
"../../../Engine/Content/EngineDebugMaterials/DebugMeshMaterial.uasset" 71
"../../../Engine/Content/EngineDebugMaterials/GeomMaterial.uasset" 72
"../../../Engine/Content/EngineFonts/Faces/RobotoBold.uasset" 73
"../../../Engine/Content/EngineFonts/Faces/RobotoBoldItalic.uasset" 74
"../../../Engine/Content/EngineFonts/Faces/RobotoItalic.uasset" 75
"../../../Engine/Content/EngineFonts/Faces/RobotoLight.uasset" 76
"../../../Engine/Content/EngineFonts/Faces/RobotoRegular.uasset" 77
"../../../Engine/Content/EngineFonts/Roboto.uasset" 78
"../../../Engine/Content/EngineFonts/Faces/RobotoTiny.uasset" 79
"../../../Engine/Content/EngineFonts/RobotoTiny.uasset" 80
"../../../Engine/Content/EngineMaterials/DefaultBloomKernel.uasset" 81
"../../../Engine/Content/EngineMaterials/DefaultBokeh.uasset" 82
"../../../Engine/Content/EngineMaterials/DefaultDiffuse.uasset" 83
"../../../Engine/Content/EngineMaterials/DefaultDeferredDecalMaterial.uasset" 84
"../../../Engine/Content/EngineMaterials/DefaultLightFunctionMaterial.uasset" 85
"../../../Engine/Content/EngineMaterials/DefaultPhysicalMaterial.uasset" 86
"../../../Engine/Content/Functions/Engine_MaterialFunctions02/Utility/BreakOutFloat2Components.uasset" 87
"../../../Engine/Content/EngineMaterials/DefaultPostProcessMaterial.uasset" 88
"../../../Engine/Content/EngineFonts/RobotoDistanceField.uasset" 89
"../../../Engine/Content/EngineMaterials/DefaultTextMaterialOpaque.uasset" 90
"../../../Engine/Content/EngineMaterials/DefaultWhiteGrid.uasset" 91
"../../../Engine/Content/EngineMaterials/EditorBrushMaterial.uasset" 92
"../../../Engine/Content/EngineMaterials/Good64x64TilingNoiseHighFreq.uasset" 93
"../../../Engine/Content/EngineMaterials/MiniFont.uasset" 94
"../../../Engine/Content/EngineMaterials/InvalidLightmapSettings.uasset" 95
"../../../Engine/Content/EngineMaterials/M_InvalidLightmapSettings.uasset" 96
"../../../Engine/Content/EngineMaterials/PhAT_JointLimitMaterial.uasset" 97
"../../../Engine/Content/EngineMaterials/PreintegratedSkinBRDF.uasset" 98
"../../../Engine/Content/EngineMaterials/RemoveSurfaceMaterial.uasset" 99
"../../../Engine/Content/EngineMaterials/WeightMapPlaceholderTexture.uasset" 100
"../../../Engine/Content/EngineResources/WhiteSquareTexture.uasset" 101
"../../../Engine/Content/EngineMaterials/Widget3DPassThrough.uasset" 102
"../../../Engine/Content/EngineMaterials/Widget3DPassThrough_Masked.uasset" 103
"../../../Engine/Content/EngineMaterials/Widget3DPassThrough_Opaque.uasset" 104
"../../../Engine/Content/EngineMaterials/Widget3DPassThrough_Masked_OneSided.uasset" 105
"../../../Engine/Content/EngineMaterials/Widget3DPassThrough_Opaque_OneSided.uasset" 106
"../../../Engine/Content/EngineMaterials/Widget3DPassThrough_Translucent.uasset" 107
"../../../Engine/Content/EngineMaterials/Widget3DPassThrough_Translucent_OneSided.uasset" 108
"../../../Engine/Content/EngineMeshes/Cube.uasset" 109
"../../../Engine/Content/EngineMeshes/Cylinder.uasset" 110
"../../../Engine/Content/EngineMeshes/Sphere.uasset" 111
"../../../Engine/Content/EngineResources/Black.uasset" 112
"../../../Engine/Content/EngineResources/DefaultTexture.uasset" 113
"../../../Engine/Content/EngineResources/DefaultTextureCube.uasset" 114
"../../../Engine/Content/EngineResources/GradientTexture0.uasset" 115
"../../../Engine/Content/EngineSounds/Master.uasset" 116
"../../../Engine/Content/Functions/Engine_MaterialFunctions01/Shading/ConvertFromDiffSpec.uasset" 117
"../../../Engine/Content/Functions/Engine_MaterialFunctions01/Shading/PowerToRoughness.uasset" 118
"../../../Engine/Content/Maps/Templates/Thumbnails/Default.uasset" 119
"../../../Engine/Content/Maps/Templates/Thumbnails/VR-Basic.uasset" 120
"../../../Engine/Content/MobileResources/T_MobileControls_texture.uasset" 121
"../../../Engine/Content/MobileResources/T_MobileMenu2.uasset" 122
"../../../Engine/Content/MobileResources/HUD/AnalogHat.uasset" 123
"../../../Engine/Content/MobileResources/HUD/VirtualJoystick_Background.uasset" 124
"../../../Engine/Content/MobileResources/HUD/VirtualJoystick_Thumb.uasset" 125
"../../../Engine/Content/MobileResources/HUD/DefaultVirtualJoysticks.uasset" 126
"../../../Engine/Content/MobileResources/HUD/LeftVirtualJoystickOnly.uasset" 127
"../../../Engine/Content/MobileResources/HUD/MobileHUDButton1_off.uasset" 128
"../../../Engine/Content/MobileResources/HUD/MobileHUDButton1_on.uasset" 129
"../../../Engine/Content/MobileResources/HUD/MobileHUDButton2_off.uasset" 130
"../../../Engine/Content/MobileResources/HUD/MobileHUDButton2_on.uasset" 131
"../../../Engine/Content/MobileResources/HUD/MobileHUDButton3.uasset" 132
"../../../Engine/Content/MobileResources/HUD/MobileHUDButtonFire.uasset" 133
"../../../Engine/Content/MobileResources/HUD/MobileHUDDirectionPad.uasset" 134
"../../../Engine/Content/MobileResources/HUD/MobileHUDDirectionPad2.uasset" 135
"../../../Engine/Content/MobileResources/HUD/MobileHUDDirectionPad3.uasset" 136
"../../../Engine/Content/MobileResources/HUD/MobileHUDDirectionStick.uasset" 137
"../../../Engine/Content/MobileResources/HUD/T_Castle_ThumbstickInner.uasset" 138
"../../../Engine/Content/MobileResources/HUD/T_Castle_ThumbstickOutter.uasset" 139
"../../../Engine/Content/Tutorial/ContentIntroCurve.uasset" 140
"../../../Engine/Content/Tutorial/Basics/TutorialAssets/icon_tab_Levels_40x.uasset" 141
"../../../Engine/Content/Tutorial/BlueprintTutorials/TutorialAssets/BlueprintInterface_64x.uasset" 142
"../../../Engine/Content/Tutorial/BlueprintTutorials/TutorialAssets/BlueprintMacroLibrary_64x.uasset" 143
"../../../Engine/Content/Tutorial/BlueprintTutorials/TutorialAssets/Blueprint_64x.uasset" 144
"../../../Engine/Content/Tutorial/BlueprintTutorials/TutorialAssets/Tutorial_BP_Interface.uasset" 145
"../../../Engine/Content/Tutorial/Foliage/TutorialAssets/Foliage.uasset" 146
"../../../Engine/Content/Tutorial/Landscape/TutorialAssets/Landscape.uasset" 147
"../../../Engine/Content/Tutorial/Mobile/TutorialAssets/android_Icon.uasset" 148
"../../../Engine/Content/Tutorial/Paper2D/TutorialAssets/Paper2DFlipbook_TutorialIcon.uasset" 149
"../../../Engine/Content/Tutorial/Paper2D/TutorialAssets/Paper2DSprite_TutorialIcon.uasset" 150
"../../../Engine/Content/Tutorial/SubEditors/TutorialAssets/icon_Editor_Preferences_General_40x.uasset" 151
"../../../Engine/Content/Tutorial/SubEditors/TutorialAssets/icon_ShowSkeletalMeshes_40x.uasset" 152
"../../../Engine/Content/Tutorial/SubEditors/TutorialAssets/TutorialMaterial.uasset" 153
"../../../Engine/Content/Tutorial/SubEditors/TutorialAssets/T_SmokeSubUV_8X8.uasset" 154
"../../../Engine/Content/Tutorial/SubEditors/TutorialAssets/T_soft_smoke.uasset" 155
"../../../Engine/Content/Tutorial/SubEditors/TutorialAssets/M_smoke_subUV_blackbody.uasset" 156
"../../../Engine/Content/Tutorial/SubEditors/TutorialAssets/TutorialParticleSystem.uasset" 157
"../../../Engine/Content/EditorMeshes/EditorCube.uasset" 158
"../../../Engine/Content/Tutorial/SubEditors/TutorialAssets/Tutorial_DM.uasset" 159
"../../../Engine/Content/VREditor/Devices/Generic/GenericHMDMaterial.uasset" 160
"../../../Engine/Content/VREditor/Devices/Generic/GenericHMD.uasset" 161
"../../../Engine/Content/VREditor/FloatingText/LineMaterial.uasset" 162
"../../../Engine/Content/VREditor/FloatingText/JointSphere.uasset" 163
"../../../Engine/Content/VREditor/FloatingText/LineSegmentCylinder.uasset" 164
"../../../Engine/Content/VREditor/Fonts/VRText_RobotoLarge.uasset" 165
"../../../Engine/Content/VREditor/Fonts/VRTextMaterial.uasset" 166
"../../../Engine/Content/VREditor/Fonts/TranslucentVRTextMaterial.uasset" 167
"../../../Engine/Content/VREditor/LaserPointer/VR_LaserPower_01.uasset" 168
"../../../Engine/Content/VREditor/TransformGizmo/TransformGizmoMaterial.uasset" 169
"../../../Engine/Content/VREditor/LaserPointer/HoverMaterial.uasset" 170
"../../../Engine/Content/VREditor/TransformGizmo/TranslucentTransformGizmoMaterial.uasset" 171
"../../../Engine/Content/VREditor/LaserPointer/TranslucentHoverMaterial.uasset" 172
"../../../Engine/Content/VREditor/LaserPointer/HoverMesh.uasset" 173
"../../../Engine/Content/VREditor/LaserPointer/LaserPointerMaterial.uasset" 174
"../../../Engine/Content/VREditor/LaserPointer/LaserPointerMaterialInst.uasset" 175
"../../../Engine/Content/VREditor/LaserPointer/TranslucentLaserPointerMaterialInst.uasset" 176
"../../../Engine/Content/VREditor/LaserPointer/LaserPointerMesh.uasset" 177
"../../../Engine/Content/VREditor/LaserPointer/LaserPointerMesh_End.uasset" 178
"../../../Engine/Content/VREditor/LaserPointer/LaserPointerMesh_Start.uasset" 179
"../../../Engine/Content/Functions/Engine_MaterialFunctions02/Utility/BreakOutFloat3Components.uasset" 180
"../../../Engine/Content/Functions/Engine_MaterialFunctions02/Math/Transform3x3Matrix.uasset" 181
"../../../Engine/Content/Functions/Engine_MaterialFunctions02/SplitComponents.uasset" 182
"../../../Engine/Content/Functions/Engine_MaterialFunctions02/Utility/MakeFloat3.uasset" 183
"../../../Engine/Content/VREditor/SnapGrid/SnapGridMaterial.uasset" 184
"../../../Engine/Content/VREditor/SnapGrid/SnapGridPlaneMesh.uasset" 185
"../../../Engine/Content/VREditor/Sounds/VR_teleport_Cue.uasset" 186
"../../../Engine/Content/VREditor/Sounds/UI/Click_on_Button_Cue.uasset" 187
"../../../Engine/Content/VREditor/Sounds/UI/Dockable_Window_Close.uasset" 188
"../../../Engine/Content/VREditor/Sounds/UI/Dockable_Window_Drop.uasset" 189
"../../../Engine/Content/VREditor/Sounds/UI/Dockable_Window_Open.uasset" 190
"../../../Engine/Content/VREditor/Sounds/UI/Dockable_Window_Pick_Up.uasset" 191
"../../../Engine/Content/VREditor/Sounds/UI/Drop_Item_From_ContentBrowser.uasset" 192
"../../../Engine/Content/VREditor/Sounds/UI/Floating_UI_Open-001.uasset" 193
"../../../Engine/Content/VREditor/Sounds/UI/Gizmo_Handle_Clicked.uasset" 194
"../../../Engine/Content/VREditor/Sounds/UI/Object_PickUp.uasset" 195
"../../../Engine/Content/VREditor/Sounds/UI/Object_Snaps_To_Another_Actor.uasset" 196
"../../../Engine/Content/VREditor/Sounds/UI/Object_Snaps_To_Grid.uasset" 197
"../../../Engine/Content/VREditor/Sounds/UI/Radial_Menu_FadeOut.uasset" 198
"../../../Engine/Content/VREditor/Sounds/UI/Scaling_Down.uasset" 199
"../../../Engine/Content/VREditor/Sounds/UI/Scaling_Up.uasset" 200
"../../../Engine/Content/VREditor/Sounds/UI/Selection_Changes.uasset" 201
"../../../Engine/Content/VREditor/Sounds/UI/Teleport_Mode_Entered.uasset" 202
"../../../Engine/Content/VREditor/Teleport/TeleportDirectionMaterial.uasset" 203
"../../../Engine/Content/VREditor/Teleport/TeleportDirectionMaterial_Inst.uasset" 204
"../../../Engine/Content/VREditor/Teleport/TeleportDirectionMesh.uasset" 205
"../../../Engine/Content/VREditor/TransformGizmo/BoundingBoxCorner.uasset" 206
"../../../Engine/Content/VREditor/TransformGizmo/BoundingBoxEdge.uasset" 207
"../../../Engine/Content/VREditor/TransformGizmo/PlaneTranslationHandle.uasset" 208
"../../../Engine/Content/VREditor/TransformGizmo/RotationHandle.uasset" 209
"../../../Engine/Content/VREditor/TransformGizmo/RotationHandleFull.uasset" 210
"../../../Engine/Content/VREditor/TransformGizmo/RotationHandleIndicator.uasset" 211
"../../../Engine/Content/VREditor/TransformGizmo/RotationHandleQuarter.uasset" 212
"../../../Engine/Content/VREditor/TransformGizmo/Main.uasset" 213
"../../../Engine/Content/VREditor/TransformGizmo/Xray.uasset" 214
"../../../Engine/Content/VREditor/TransformGizmo/SM_Dialog_Close.uasset" 215
"../../../Engine/Content/VREditor/TransformGizmo/SM_Dialog_Move.uasset" 216
"../../../Engine/Content/VREditor/TransformGizmo/SM_Sequencer_Key.uasset" 217
"../../../Engine/Content/VREditor/TransformGizmo/StartRotationHandleIndicator.uasset" 218
"../../../Engine/Content/VREditor/TransformGizmo/TransformGizmoMaterial_Inst.uasset" 219
"../../../Engine/Content/VREditor/TransformGizmo/TranslateArrowHandle.uasset" 220
"../../../Engine/Content/VREditor/TransformGizmo/TranslationHandle.uasset" 221
"../../../Engine/Content/VREditor/TransformGizmo/TranslucentTransformGizmoMaterial_Inst.uasset" 222
"../../../Engine/Content/VREditor/TransformGizmo/UniformScaleHandle.uasset" 223
"../../../Engine/Content/VREditor/UI/KeyDiskMaterial.uasset" 224
"../../../Engine/Content/VREditor/UI/DiscMaterial.uasset" 225
"../../../Engine/Content/VREditor/UI/SM_Radial_Disk.uasset" 226
"../../../Engine/Content/Functions/Engine_MaterialFunctions01/Gradient/RadialGradient.uasset" 227
"../../../Engine/Content/VREditor/WorldMovementGrid/SimpleGrid.uasset" 228
"../../../Engine/Content/VREditor/WorldMovementGrid/GridMaterial.uasset" 229
"../../../Engine/Content/Functions/Engine_MaterialFunctions01/Density/ExponentialDensity.uasset" 230
"../../../Engine/Content/VREditor/WorldMovementGrid/GridPostProcess.uasset" 231
"../../../Engine/Content/EditorLandscapeResources/FlattenHeightMat.uasset" 232
"../../../Engine/Content/VREditor/WorldMovementGrid/PlaneMesh.uasset" 233
"../../../Engine/Plugins/Runtime/GearVR/Content/Textures/GearVRController_AO.uasset" 234
"../../../Engine/Plugins/Runtime/GearVR/Content/Textures/GearVRController_Color.uasset" 235
"../../../Engine/Plugins/Runtime/GearVR/Content/Textures/GearVRController_Normal.uasset" 236
"../../../Engine/Plugins/Runtime/GearVR/Content/Materials/GearVRControllerMaterial.uasset" 237
"../../../Engine/Plugins/Runtime/GearVR/Content/Meshes/GearVrController.uasset" 238
"../../../Brainslol/Content/Blueprints/myGI.uasset" 239
"../../../Engine/Content/EditorBlueprintResources/StandardMacros.uasset" 240
"../../../Brainslol/Content/Materials/Black.uasset" 241
"../../../Brainslol/Content/Assets/Player/RED_Character_PhysicsAsset.uasset" 242
"../../../Brainslol/Content/Assets/Player/RED_Character_Skeleton.uasset" 243
"../../../Brainslol/Content/Assets/Player/Character_BLACK.uasset" 244
"../../../Brainslol/Content/Blueprints/Player_Char.uasset" 245
"../../../Brainslol/Content/Materials/MASTERMATERIAL.uasset" 246
"../../../Brainslol/Content/Materials/Plain_Inst.uasset" 247
"../../../Brainslol/Content/Assets/B_Parts/B_P_Groups/Fan_Group_a.uasset" 248
"../../../Brainslol/Content/Textures/Grid.uasset" 249
"../../../Brainslol/Content/Materials/Grid_Mat.uasset" 250
"../../../Brainslol/Content/Assets/B_Parts/B_P_Groups/Vent_Group_a.uasset" 251
"../../../Brainslol/Content/Assets/B_Parts/B_P_Groups/WatchTower_Group_a.uasset" 252
"../../../Brainslol/Content/Materials/BackGround_Inst.uasset" 253
"../../../Brainslol/Content/Assets/Buildings/Black_Building.uasset" 254
"../../../Brainslol/Content/Materials/Blue_Point_Inst.uasset" 255
"../../../Brainslol/Content/Assets/Buildings/Blue_Building.uasset" 256
"../../../Brainslol/Content/Materials/Green_Point_Inst.uasset" 257
"../../../Brainslol/Content/Assets/Buildings/GREEN_Building.uasset" 258
"../../../Brainslol/Content/Materials/RED_Point_Inst.uasset" 259
"../../../Brainslol/Content/Assets/Buildings/RED_Building.uasset" 260
"../../../Brainslol/Content/Assets/Buildings/Used_Building.uasset" 261
"../../../Brainslol/Content/Materials/Yellow_Point_Inst.uasset" 262
"../../../Brainslol/Content/Assets/Buildings/YELLOW_Building.uasset" 263
"../../../Brainslol/Content/Sounds/Blop-Mark_DiAngelo-79054334.uasset" 264
"../../../Brainslol/Content/Blueprints/LeftBuildings_BP.uasset" 265
"../../../Brainslol/Content/Assets/B_Parts/WatchTower_a.uasset" 266
"../../../Brainslol/Content/Blueprints/RightBuildings_BP.uasset" 267
"../../../Brainslol/Content/Blueprints/GameState_BP.uasset" 268
"../../../Brainslol/Content/Assets/Player/Character_BLUE.uasset" 269
"../../../Brainslol/Content/Assets/Player/Character_GREEN.uasset" 270
"../../../Brainslol/Content/Assets/Player/Character_RED.uasset" 271
"../../../Brainslol/Content/Assets/Player/Character_YELLOW.uasset" 272
"../../../Brainslol/Content/UI/HUD/blue_active.uasset" 273
"../../../Brainslol/Content/UI/HUD/blue_inactive.uasset" 274
"../../../Brainslol/Content/UI/HUD/green_active.uasset" 275
"../../../Brainslol/Content/UI/HUD/green_inactive.uasset" 276
"../../../Brainslol/Content/UI/HUD/red_active.uasset" 277
"../../../Brainslol/Content/UI/HUD/red_inactive.uasset" 278
"../../../Brainslol/Content/UI/HUD/yellow_active.uasset" 279
"../../../Brainslol/Content/UI/HUD/yellow_inactive.uasset" 280
"../../../Brainslol/Content/Blueprints/wButtonHud.uasset" 281
"../../../Brainslol/Content/Blueprints/Game_PC.uasset" 282
"../../../Brainslol/Content/Blueprints/GM2.uasset" 283
"../../../Brainslol/Content/UI/Fail_screen/Fail_Background.uasset" 284
"../../../Brainslol/Content/UI/Fail_screen/Menu_active.uasset" 285
"../../../Brainslol/Content/UI/Fail_screen/Menu_inactive.uasset" 286
"../../../Brainslol/Content/UI/Fail_screen/playagain_active.uasset" 287
"../../../Brainslol/Content/UI/Fail_screen/playagain_inactive.uasset" 288
"../../../Brainslol/Content/UI/Popup/enter_active.uasset" 289
"../../../Brainslol/Content/UI/Popup/enter_inactive.uasset" 290
"../../../Brainslol/Content/UI/Popup/Popup_screen.uasset" 291
"../../../Brainslol/Content/UI/HScoreWidget.uasset" 292
"../../../Brainslol/Content/Maps/Defeat.umap" 293
"../../../Brainslol/Content/Blueprints/BuildingDeathZone_BP.uasset" 294
"../../../Brainslol/Content/Blueprints/CharDeathZone_BP.uasset" 295
"../../../Brainslol/Content/Blueprints/buildDeath.uasset" 296
"../../../Brainslol/Content/Textures/Windows_a_Base_Color.uasset" 297
"../../../Brainslol/Content/Textures/Windows_a_Metallic.uasset" 298
"../../../Brainslol/Content/Materials/Building_Window_a_MAT.uasset" 299
"../../../Brainslol/Content/Textures/Windows_b_Base_Color.uasset" 300
"../../../Brainslol/Content/Textures/Windows_b_Metallic.uasset" 301
"../../../Brainslol/Content/Materials/Building_Window_b_MAT.uasset" 302
"../../../Brainslol/Content/Textures/Windows_d_Base_Color.uasset" 303
"../../../Brainslol/Content/Textures/Windows_d_Metallic.uasset" 304
"../../../Brainslol/Content/Materials/Building_Window_d_MAT.uasset" 305
"../../../Brainslol/Content/Assets/BackGround_Parts/BG_a.uasset" 306
"../../../Brainslol/Content/Assets/BackGround_Parts/BG_b.uasset" 307
"../../../Brainslol/Content/Assets/BackGround_Parts/BG_c.uasset" 308
"../../../Brainslol/Content/Blueprints/Buildings.uasset" 309
"../../../Brainslol/Content/Blueprints/Buildings2.uasset" 310
"../../../Brainslol/Content/Blueprints/Buildings3.uasset" 311
"../../../Brainslol/Content/Blueprints/Camera.uasset" 312
"../../../Brainslol/Content/Blueprints/spawnBuilding.uasset" 313
"../../../Engine/Content/BasicShapes/BasicShapeMaterial.uasset" 314
"../../../Brainslol/Content/Textures/Clouds.uasset" 315
"../../../Brainslol/Content/Materials/Op_Fog_BLUE_MAT.uasset" 316
"../../../Brainslol/Content/Materials/Op_Fog_MAT.uasset" 317
"../../../Engine/Content/BasicShapes/Cube.uasset" 318
"../../../Engine/Content/MapTemplates/daylight.uasset" 319
"../../../Brainslol/Content/Textures/Windows_c_Base_Color.uasset" 320
"../../../Brainslol/Content/Textures/Windows_c_Metallic.uasset" 321
"../../../Brainslol/Content/Materials/Building_Window_c_MAT.uasset" 322
"../../../Brainslol/Content/Materials/White.uasset" 323
"../../../Brainslol/Content/Assets/BackGround.uasset" 324
"../../../Brainslol/Content/Assets/BackGround_LP.uasset" 325
"../../../Brainslol/Content/Sounds/01_HHavok-intro.uasset" 326
"../../../Brainslol/Content/Maps/MainLevel.umap" 327
"../../../Brainslol/Content/UI/Credits_screen/Credits_backgroundnew.uasset" 328
"../../../Brainslol/Content/UI/Credits_screen/Menu_active.uasset" 329
"../../../Brainslol/Content/UI/Credits_screen/Menu_inactive.uasset" 330
"../../../Brainslol/Content/UI/Start_screen/Credits_active.uasset" 331
"../../../Brainslol/Content/UI/Start_screen/Credits_inactive.uasset" 332
"../../../Brainslol/Content/UI/Start_screen/Exit_active.uasset" 333
"../../../Brainslol/Content/UI/Start_screen/Exit_inactive.uasset" 334
"../../../Brainslol/Content/UI/Start_screen/Play_active.uasset" 335
"../../../Brainslol/Content/UI/Start_screen/Play_inactive.uasset" 336
"../../../Brainslol/Content/UI/Start_screen/Startscreen_background.uasset" 337
"../../../Brainslol/Content/UI/Start_screen/Tutorial_active.uasset" 338
"../../../Brainslol/Content/UI/Start_screen/Tutorial_inactive.uasset" 339
"../../../Brainslol/Content/UI/Tut_background.uasset" 340
"../../../Brainslol/Content/UI/MainMenu.uasset" 341
"../../../Brainslol/Content/UI/UIGM.uasset" 342
"../../../Brainslol/Content/Maps/UI.umap" 343
